=== UPDATE.PHP CALLED ===
Time: 2025-10-05 05:58:35
Raw Input: {"id":"1","name":"Sheikh Forid","email":"sheikh15-3700@diu.edu.bd","phone":"01642227081","created_at":"2025-10-05 05:01:42"}
Decoded Data: stdClass Object
(
    [id] => 1
    [name] => Sheikh Forid
    [email] => sheikh15-3700@diu.edu.bd
    [phone] => 01642227081
    [created_at] => 2025-10-05 05:01:42
)

Total users in database: 5
Looking for user ID: 1
Found user: Array
(
    [id] => 1
    [name] => Sheikh Forid Ahmed Shanto
    [email] => sheikh15-3700@diu.edu.bd
    [phone] => 01642227081
    [created_at] => 2025-10-05 05:01:42
)

User after update: Array
(
    [id] => 1
    [name] => Sheikh Forid
    [email] => sheikh15-3700@diu.edu.bd
    [phone] => 01642227081
    [created_at] => 2025-10-05 05:01:42
    [updated_at] => 2025-10-05 05:58:35
)

Users data saved successfully
=== UPDATE.PHP CALLED ===
Time: 2025-10-05 06:03:25
Raw Input: {"id":"4","name":"Tannvir Ahmed","email":"tanvirahmed@gmail.com","phone":"01602457854","created_at":"2025-10-05 05:34:59"}
Decoded Data: stdClass Object
(
    [id] => 4
    [name] => Tannvir Ahmed
    [email] => tanvirahmed@gmail.com
    [phone] => 01602457854
    [created_at] => 2025-10-05 05:34:59
)

Total users in database: 6
Looking for user ID: 4
Found user: Array
(
    [id] => 4
    [name] => Tannvir Ahmed
    [email] => tanvirahmed@gmail.com
    [phone] => 0160245785
    [created_at] => 2025-10-05 05:34:59
)

User after update: Array
(
    [id] => 4
    [name] => Tannvir Ahmed
    [email] => tanvirahmed@gmail.com
    [phone] => 01602457854
    [created_at] => 2025-10-05 05:34:59
    [updated_at] => 2025-10-05 06:03:25
)

Users data saved successfully
=== UPDATE.PHP CALLED ===
Time: 2025-10-05 06:05:12
Raw Input: {"id":"1","name":"Sheikh Forid","email":"sheikh15-3700@diu.edu.bd","phone":"01642227085","created_at":"2025-10-05 05:01:42","updated_at":"2025-10-05 05:58:35"}
Decoded Data: stdClass Object
(
    [id] => 1
    [name] => Sheikh Forid
    [email] => sheikh15-3700@diu.edu.bd
    [phone] => 01642227085
    [created_at] => 2025-10-05 05:01:42
    [updated_at] => 2025-10-05 05:58:35
)

Total users in database: 6
Looking for user ID: 1
Found user: Array
(
    [id] => 1
    [name] => Sheikh Forid
    [email] => sheikh15-3700@diu.edu.bd
    [phone] => 01642227081
    [created_at] => 2025-10-05 05:01:42
    [updated_at] => 2025-10-05 05:58:35
)

User after update: Array
(
    [id] => 1
    [name] => Sheikh Forid
    [email] => sheikh15-3700@diu.edu.bd
    [phone] => 01642227085
    [created_at] => 2025-10-05 05:01:42
    [updated_at] => 2025-10-05 06:05:12
)

Users data saved successfully
=== UPDATE.PHP CALLED ===
Time: 2025-10-05 06:05:41
Raw Input: {"id":"2","name":"Shanto Islam","email":"ShantoIslam@gmail.com","phone":"01642227082","created_at":"2025-10-05 05:02:28"}
Decoded Data: stdClass Object
(
    [id] => 2
    [name] => Shanto Islam
    [email] => ShantoIslam@gmail.com
    [phone] => 01642227082
    [created_at] => 2025-10-05 05:02:28
)

Total users in database: 6
Looking for user ID: 2
Found user: Array
(
    [id] => 2
    [name] => Shanto Islam
    [email] => ShantoIslam@gmail.com
    [phone] => 01642227081
    [created_at] => 2025-10-05 05:02:28
)

User after update: Array
(
    [id] => 2
    [name] => Shanto Islam
    [email] => ShantoIslam@gmail.com
    [phone] => 01642227082
    [created_at] => 2025-10-05 05:02:28
    [updated_at] => 2025-10-05 06:05:41
)

Users data saved successfully
=== UPDATE.PHP CALLED ===
Time: 2025-10-05 06:05:51
Raw Input: {"id":"3","name":"Shanto Islam","email":"ShantoIslam@gmail.com","phone":"01642227087","created_at":"2025-10-05 05:04:46"}
Decoded Data: stdClass Object
(
    [id] => 3
    [name] => Shanto Islam
    [email] => ShantoIslam@gmail.com
    [phone] => 01642227087
    [created_at] => 2025-10-05 05:04:46
)

Total users in database: 6
Looking for user ID: 3
Found user: Array
(
    [id] => 3
    [name] => Shanto Islam
    [email] => ShantoIslam@gmail.com
    [phone] => 01642227081
    [created_at] => 2025-10-05 05:04:46
)

User after update: Array
(
    [id] => 3
    [name] => Shanto Islam
    [email] => ShantoIslam@gmail.com
    [phone] => 01642227087
    [created_at] => 2025-10-05 05:04:46
    [updated_at] => 2025-10-05 06:05:51
)

Users data saved successfully
=== UPDATE.PHP CALLED ===
Time: 2025-10-05 06:18:11
Raw Input: {"id":"2","name":"Yasin Ahmed","email":"Yashinnahmed@gmail.com","phone":"01642227082","created_at":"2025-10-05 05:02:28","updated_at":"2025-10-05 06:05:41"}
Decoded Data: stdClass Object
(
    [id] => 2
    [name] => Yasin Ahmed
    [email] => Yashinnahmed@gmail.com
    [phone] => 01642227082
    [created_at] => 2025-10-05 05:02:28
    [updated_at] => 2025-10-05 06:05:41
)

Total users in database: 6
Looking for user ID: 2
Found user: Array
(
    [id] => 2
    [name] => Shanto Islam
    [email] => ShantoIslam@gmail.com
    [phone] => 01642227082
    [created_at] => 2025-10-05 05:02:28
    [updated_at] => 2025-10-05 06:05:41
)

User after update: Array
(
    [id] => 2
    [name] => Yasin Ahmed
    [email] => Yashinnahmed@gmail.com
    [phone] => 01642227082
    [created_at] => 2025-10-05 05:02:28
    [updated_at] => 2025-10-05 06:18:11
)

Users data saved successfully
=== UPDATE.PHP CALLED ===
Time: 2025-10-05 06:19:05
Raw Input: {"id":"4","name":"Tannvir Ahmed","email":"tanvirahmed@gmail.com","phone":"01602457854","created_at":"2025-10-05 05:34:59","updated_at":"2025-10-05 06:03:25"}
Decoded Data: stdClass Object
(
    [id] => 4
    [name] => Tannvir Ahmed
    [email] => tanvirahmed@gmail.com
    [phone] => 01602457854
    [created_at] => 2025-10-05 05:34:59
    [updated_at] => 2025-10-05 06:03:25
)

Total users in database: 6
Looking for user ID: 4
Found user: Array
(
    [id] => 4
    [name] => Tannvir Ahmed
    [email] => tanvirahmed@gmail.com
    [phone] => 01602457854
    [created_at] => 2025-10-05 05:34:59
    [updated_at] => 2025-10-05 06:03:25
)

User after update: Array
(
    [id] => 4
    [name] => Tannvir Ahmed
    [email] => tanvirahmed@gmail.com
    [phone] => 01602457854
    [created_at] => 2025-10-05 05:34:59
    [updated_at] => 2025-10-05 06:19:05
)

Users data saved successfully
=== UPDATE.PHP CALLED ===
Time: 2025-10-05 08:41:33
Raw Input: {"id":"68e20a0211ed9","name":"Shanta Islam","email":"ShantoIslam@gmail.com","phone":"01642227080","created_at":"2025-10-05 06:02:42"}
Decoded Data: stdClass Object
(
    [id] => 68e20a0211ed9
    [name] => Shanta Islam
    [email] => ShantoIslam@gmail.com
    [phone] => 01642227080
    [created_at] => 2025-10-05 06:02:42
)

Total users in database: 6
Looking for user ID: 68e20a0211ed9
Found user: Array
(
    [id] => 68e20a0211ed9
    [name] => Shanta ISlam
    [email] => ShantoIslam@gmail.com
    [phone] => 01642227080
    [created_at] => 2025-10-05 06:02:42
)

User after update: Array
(
    [id] => 68e20a0211ed9
    [name] => Shanta Islam
    [email] => ShantoIslam@gmail.com
    [phone] => 01642227080
    [created_at] => 2025-10-05 06:02:42
    [updated_at] => 2025-10-05 08:41:33
)

Users data saved successfully
=== UPDATE.PHP CALLED ===
Time: 2025-10-05 09:24:22
Raw Input: {"id":"68e20a0211ed9","name":"Shanta Islam","email":"Shantoislam@gmail.com","phone":"01642227080","created_at":"2025-10-05 06:02:42","updated_at":"2025-10-05 08:41:33"}
Decoded Data: stdClass Object
(
    [id] => 68e20a0211ed9
    [name] => Shanta Islam
    [email] => Shantoislam@gmail.com
    [phone] => 01642227080
    [created_at] => 2025-10-05 06:02:42
    [updated_at] => 2025-10-05 08:41:33
)

Total users in database: 6
Looking for user ID: 68e20a0211ed9
Found user: Array
(
    [id] => 68e20a0211ed9
    [name] => Shanta Islam
    [email] => ShantoIslam@gmail.com
    [phone] => 01642227080
    [created_at] => 2025-10-05 06:02:42
    [updated_at] => 2025-10-05 08:41:33
)

User after update: Array
(
    [id] => 68e20a0211ed9
    [name] => Shanta Islam
    [email] => Shantoislam@gmail.com
    [phone] => 01642227080
    [created_at] => 2025-10-05 06:02:42
    [updated_at] => 2025-10-05 09:24:22
)

Users data saved successfully
=== UPDATE.PHP CALLED ===
Time: 2025-10-05 10:15:13
Raw Input: {"id":"3","name":"Shanto Islam","email":"Shantoislam@gmail.com","phone":"01642227087","created_at":"2025-10-05 05:04:46","updated_at":"2025-10-05 06:05:51"}
Decoded Data: stdClass Object
(
    [id] => 3
    [name] => Shanto Islam
    [email] => Shantoislam@gmail.com
    [phone] => 01642227087
    [created_at] => 2025-10-05 05:04:46
    [updated_at] => 2025-10-05 06:05:51
)

Total users in database: 6
Looking for user ID: 3
Found user: Array
(
    [id] => 3
    [name] => Shanto Islam
    [email] => ShantoIslam@gmail.com
    [phone] => 01642227087
    [created_at] => 2025-10-05 05:04:46
    [updated_at] => 2025-10-05 06:05:51
)

User after update: Array
(
    [id] => 3
    [name] => Shanto Islam
    [email] => Shantoislam@gmail.com
    [phone] => 01642227087
    [created_at] => 2025-10-05 05:04:46
    [updated_at] => 2025-10-05 10:15:13
)

Users data saved successfully
=== UPDATE.PHP CALLED ===
Time: 2025-10-05 10:15:46
Raw Input: {"id":"2","name":"Yasin Ahmed","email":"yashinnahmed@gmail.com","phone":"01642227082","created_at":"2025-10-05 05:02:28","updated_at":"2025-10-05 06:18:11"}
Decoded Data: stdClass Object
(
    [id] => 2
    [name] => Yasin Ahmed
    [email] => yashinnahmed@gmail.com
    [phone] => 01642227082
    [created_at] => 2025-10-05 05:02:28
    [updated_at] => 2025-10-05 06:18:11
)

Total users in database: 6
Looking for user ID: 2
Found user: Array
(
    [id] => 2
    [name] => Yasin Ahmed
    [email] => Yashinnahmed@gmail.com
    [phone] => 01642227082
    [created_at] => 2025-10-05 05:02:28
    [updated_at] => 2025-10-05 06:18:11
)

User after update: Array
(
    [id] => 2
    [name] => Yasin Ahmed
    [email] => yashinnahmed@gmail.com
    [phone] => 01642227082
    [created_at] => 2025-10-05 05:02:28
    [updated_at] => 2025-10-05 10:15:46
)

Users data saved successfully
=== UPDATE.PHP CALLED ===
Time: 2025-10-05 10:15:59
Raw Input: {"id":"3","name":"Shanto Islam","email":"shantoislam@gmail.com","phone":"01642227087","created_at":"2025-10-05 05:04:46","updated_at":"2025-10-05 10:15:13"}
Decoded Data: stdClass Object
(
    [id] => 3
    [name] => Shanto Islam
    [email] => shantoislam@gmail.com
    [phone] => 01642227087
    [created_at] => 2025-10-05 05:04:46
    [updated_at] => 2025-10-05 10:15:13
)

Total users in database: 6
Looking for user ID: 3
Found user: Array
(
    [id] => 3
    [name] => Shanto Islam
    [email] => Shantoislam@gmail.com
    [phone] => 01642227087
    [created_at] => 2025-10-05 05:04:46
    [updated_at] => 2025-10-05 10:15:13
)

User after update: Array
(
    [id] => 3
    [name] => Shanto Islam
    [email] => shantoislam@gmail.com
    [phone] => 01642227087
    [created_at] => 2025-10-05 05:04:46
    [updated_at] => 2025-10-05 10:15:59
)

Users data saved successfully
=== UPDATE.PHP CALLED ===
Time: 2025-10-05 11:28:27
Raw Input: {"id":"68e20a0211ed9","name":"Shanta Islam","email":"shantoislam@gmail.com","phone":"01642227080","created_at":"2025-10-05 06:02:42","updated_at":"2025-10-05 09:24:22"}
Decoded Data: stdClass Object
(
    [id] => 68e20a0211ed9
    [name] => Shanta Islam
    [email] => shantoislam@gmail.com
    [phone] => 01642227080
    [created_at] => 2025-10-05 06:02:42
    [updated_at] => 2025-10-05 09:24:22
)

Total users in database: 6
Looking for user ID: 68e20a0211ed9
Found user: Array
(
    [id] => 68e20a0211ed9
    [name] => Shanta Islam
    [email] => Shantoislam@gmail.com
    [phone] => 01642227080
    [created_at] => 2025-10-05 06:02:42
    [updated_at] => 2025-10-05 09:24:22
)

User after update: Array
(
    [id] => 68e20a0211ed9
    [name] => Shanta Islam
    [email] => shantoislam@gmail.com
    [phone] => 01642227080
    [created_at] => 2025-10-05 06:02:42
    [updated_at] => 2025-10-05 11:28:27
)

Users data saved successfully
=== UPDATE.PHP CALLED ===
Time: 2025-10-05 11:28:46
Raw Input: {"id":"4","name":"Tanvir Ahmed","email":"tanvirahmed@gmail.com","phone":"01602457854","created_at":"2025-10-05 05:34:59","updated_at":"2025-10-05 06:19:05"}
Decoded Data: stdClass Object
(
    [id] => 4
    [name] => Tanvir Ahmed
    [email] => tanvirahmed@gmail.com
    [phone] => 01602457854
    [created_at] => 2025-10-05 05:34:59
    [updated_at] => 2025-10-05 06:19:05
)

Total users in database: 6
Looking for user ID: 4
Found user: Array
(
    [id] => 4
    [name] => Tannvir Ahmed
    [email] => tanvirahmed@gmail.com
    [phone] => 01602457854
    [created_at] => 2025-10-05 05:34:59
    [updated_at] => 2025-10-05 06:19:05
)

User after update: Array
(
    [id] => 4
    [name] => Tanvir Ahmed
    [email] => tanvirahmed@gmail.com
    [phone] => 01602457854
    [created_at] => 2025-10-05 05:34:59
    [updated_at] => 2025-10-05 11:28:46
)

Users data saved successfully
=== UPDATE.PHP CALLED ===
Time: 2025-10-05 11:29:13
Raw Input: {"id":"2","name":"Yasin Ahmed","email":"yasinahmed@gmail.com","phone":"01642227082","created_at":"2025-10-05 05:02:28","updated_at":"2025-10-05 10:15:46"}
Decoded Data: stdClass Object
(
    [id] => 2
    [name] => Yasin Ahmed
    [email] => yasinahmed@gmail.com
    [phone] => 01642227082
    [created_at] => 2025-10-05 05:02:28
    [updated_at] => 2025-10-05 10:15:46
)

Total users in database: 6
Looking for user ID: 2
Found user: Array
(
    [id] => 2
    [name] => Yasin Ahmed
    [email] => yashinnahmed@gmail.com
    [phone] => 01642227082
    [created_at] => 2025-10-05 05:02:28
    [updated_at] => 2025-10-05 10:15:46
)

User after update: Array
(
    [id] => 2
    [name] => Yasin Ahmed
    [email] => yasinahmed@gmail.com
    [phone] => 01642227082
    [created_at] => 2025-10-05 05:02:28
    [updated_at] => 2025-10-05 11:29:13
)

Users data saved successfully
=== UPDATE.PHP CALLED ===
Time: 2025-10-05 11:29:50
Raw Input: {"id":"68e245a693fb0","name":"Rimon Hasan","email":"rimonhasan@gmail.com","phone":"01684698215","created_at":"2025-10-05 10:17:10"}
Decoded Data: stdClass Object
(
    [id] => 68e245a693fb0
    [name] => Rimon Hasan
    [email] => rimonhasan@gmail.com
    [phone] => 01684698215
    [created_at] => 2025-10-05 10:17:10
)

Total users in database: 6
Looking for user ID: 68e245a693fb0
Found user: Array
(
    [id] => 68e245a693fb0
    [name] => Rimon Hasan
    [email] => rimonhasan@gmail.com
    [phone] => 01684698215
    [created_at] => 2025-10-05 10:17:10
)

User after update: Array
(
    [id] => 68e245a693fb0
    [name] => Rimon Hasan
    [email] => rimonhasan@gmail.com
    [phone] => 01684698215
    [created_at] => 2025-10-05 10:17:10
    [updated_at] => 2025-10-05 11:29:50
)

Users data saved successfully
=== UPDATE.PHP CALLED ===
Time: 2025-10-06 12:10:05
Raw Input: {"id":"68e3ae28bc55b","name":"Amir Hamza shuvo","email":"amirhamza@gmail.com","phone":"01654295631","created_at":"2025-10-06 11:55:20"}
Decoded Data: Array
(
    [id] => 68e3ae28bc55b
    [name] => Amir Hamza shuvo
    [email] => amirhamza@gmail.com
    [phone] => 01654295631
    [created_at] => 2025-10-06 11:55:20
)

Total users in database: 8
Looking for user ID: 68e3ae28bc55b
=== UPDATE.PHP CALLED ===
Time: 2025-10-06 12:11:04
Raw Input: {"id":"68e3b1d0785d3","name":"Amir Hamza shuvo","email":"amirhamza@gmail.com","phone":"01763214572","created_at":"2025-10-06 12:10:56"}
Decoded Data: Array
(
    [id] => 68e3b1d0785d3
    [name] => Amir Hamza shuvo
    [email] => amirhamza@gmail.com
    [phone] => 01763214572
    [created_at] => 2025-10-06 12:10:56
)

Total users in database: 8
Looking for user ID: 68e3b1d0785d3
=== UPDATE.PHP CALLED ===
Time: 2025-10-06 12:20:08
Raw Input: {"id":"68e3b3ed8b1df","name":"Amir Hamza shuvo","email":"amirhamza@gmail.com","phone":"01732175465","created_at":"2025-10-06 12:19:57"}
Decoded Data: Array
(
    [id] => 68e3b3ed8b1df
    [name] => Amir Hamza shuvo
    [email] => amirhamza@gmail.com
    [phone] => 01732175465
    [created_at] => 2025-10-06 12:19:57
)

Total users in database: 8
Looking for user ID: 68e3b3ed8b1df
=== UPDATE.PHP CALLED ===
Time: 2025-10-06 12:34:52
Raw Input: {"id":"68e37d7d4c874","name":"Oboni Islam Shanta","email":"oboniIslam@gmai.com","phone":"01602096355","created_at":"2025-10-06 08:27:41"}
Decoded Data: Array
(
    [id] => 68e37d7d4c874
    [name] => Oboni Islam Shanta
    [email] => oboniIslam@gmai.com
    [phone] => 01602096355
    [created_at] => 2025-10-06 08:27:41
)

Total users in database: 7
Looking for user ID: 68e37d7d4c874
=== UPDATE.PHP CALLED ===
Time: 2025-10-06 12:35:04
Raw Input: {"id":"68e37d7d4c874","name":"Oboni Islam","email":"oboniIslam@gmai.com","phone":"01602096355","created_at":"2025-10-06 08:27:41","updated_at":"2025-10-06 12:34:52"}
Decoded Data: Array
(
    [id] => 68e37d7d4c874
    [name] => Oboni Islam
    [email] => oboniIslam@gmai.com
    [phone] => 01602096355
    [created_at] => 2025-10-06 08:27:41
    [updated_at] => 2025-10-06 12:34:52
)

Total users in database: 7
Looking for user ID: 68e37d7d4c874
=== UPDATE.PHP CALLED ===
Time: 2025-10-06 12:46:48
Raw Input: {"id":"68e3ba2e08979","name":"Amir Hamza shuvo","email":"amirhamza@gmail.com","phone":"01654295631","created_at":"2025-10-06 12:46:38"}
Decoded Data: Array
(
    [id] => 68e3ba2e08979
    [name] => Amir Hamza shuvo
    [email] => amirhamza@gmail.com
    [phone] => 01654295631
    [created_at] => 2025-10-06 12:46:38
)

Total users in database: 8
Looking for user ID: 68e3ba2e08979
=== UPDATE.PHP CALLED ===
Time: 2025-10-07 04:16:45
Raw Input: {"id":"68e37d7d4c874","name":"Oboni Islam Shanta","email":"oboniIslam@gmai.com","phone":"01602096355","created_at":"2025-10-06 08:27:41","updated_at":"2025-10-06 12:35:04"}
Decoded Data: Array
(
    [id] => 68e37d7d4c874
    [name] => Oboni Islam Shanta
    [email] => oboniIslam@gmai.com
    [phone] => 01602096355
    [created_at] => 2025-10-06 08:27:41
    [updated_at] => 2025-10-06 12:35:04
)

Total users in database: 7
Looking for user ID: 68e37d7d4c874
=== UPDATE.PHP CALLED ===
Time: 2025-10-07 04:16:57
Raw Input: {"id":"68e37d7d4c874","name":"Oboni Islam","email":"oboniIslam@gmai.com","phone":"01602096355","created_at":"2025-10-06 08:27:41","updated_at":"2025-10-07 04:16:45"}
Decoded Data: Array
(
    [id] => 68e37d7d4c874
    [name] => Oboni Islam
    [email] => oboniIslam@gmai.com
    [phone] => 01602096355
    [created_at] => 2025-10-06 08:27:41
    [updated_at] => 2025-10-07 04:16:45
)

Total users in database: 7
Looking for user ID: 68e37d7d4c874
